<?xml version="1.0" encoding="UTF-8"?>
<!-- Generated by org.testng.reporters.JUnitXMLReporter -->
<testsuite ignored="2" hostname="DESKTOP-S93A6R2" failures="0" tests="2" name="Test" time="0.17" errors="0" timestamp="2025-05-22T00:17:30 IST">
  <testcase classname="Script_1.Script_1" name="test2" time="0.018"/>
  <testcase classname="Script_2.Script_2" name="test2" time="0.008"/>
  <testcase classname="Script_1.Script_1" name="test1" time="0.0">
    <ignored/>
  </testcase> <!-- test1 -->
  <testcase classname="Script_2.Script_2" name="test1" time="0.0">
    <ignored/>
  </testcase> <!-- test1 -->
</testsuite> <!-- Test -->
