<?xml version="1.0" encoding="UTF-8"?>
<testng-results ignored="2" total="4" passed="2" failed="0" skipped="0">
  <reporter-output>
  </reporter-output>
  <suite started-at="2025-05-22T00:17:30 IST" name="Suite" finished-at="2025-05-22T00:17:30 IST" duration-ms="170">
    <groups>
      <group name="regression">
        <method signature="Script_1.test2()[pri:0, instance:Script_1.Script_1@6302bbb1]" name="test2" class="Script_1.Script_1"/>
        <method signature="Script_2.test2()[pri:0, instance:Script_2.Script_2@128d2484]" name="test2" class="Script_2.Script_2"/>
      </group> <!-- regression -->
    </groups>
    <test started-at="2025-05-22T00:17:30 IST" name="Test" finished-at="2025-05-22T00:17:30 IST" duration-ms="170">
      <class name="Script_2.Script_2">
        <test-method signature="test2()[pri:0, instance:Script_2.Script_2@128d2484]" started-at="2025-05-22T00:17:30 IST" name="test2" finished-at="2025-05-22T00:17:30 IST" duration-ms="8" status="PASS">
          <reporter-output>
          </reporter-output>
        </test-method> <!-- test2 -->
      </class> <!-- Script_2.Script_2 -->
      <class name="Script_1.Script_1">
        <test-method signature="test2()[pri:0, instance:Script_1.Script_1@6302bbb1]" started-at="2025-05-22T00:17:30 IST" name="test2" finished-at="2025-05-22T00:17:30 IST" duration-ms="18" status="PASS">
          <reporter-output>
          </reporter-output>
        </test-method> <!-- test2 -->
      </class> <!-- Script_1.Script_1 -->
    </test> <!-- Test -->
  </suite> <!-- Suite -->
</testng-results>
